app/build/intermediates/manifest_merge_blame_file/debug/manifest-merger-blame-debug-report.txt
1<?xml version="1.0" encoding="utf-8"?>
2<!--
3  ~ Copyright 2021 The Android Open Source Project
4  ~
5  ~ Licensed under the Apache License, Version 2.0 (the "License");
6  ~ you may not use this file except in compliance with the License.
7  ~ You may obtain a copy of the License at
8  ~
9  ~     https://www.apache.org/licenses/LICENSE-2.0
10  ~
11  ~ Unless required by applicable law or agreed to in writing, software
12  ~ distributed under the License is distributed on an "AS IS" BASIS,
13  ~ WITHOUT WARRANTIES OR CONDITIONS OF ANY KIND, either express or implied.
14  ~ See the License for the specific language governing permissions and
15  ~ limitations under the License.
16-->
17<manifest xmlns:android="http://schemas.android.com/apk/res/android"
18    package="com.example.passivedata"
19    android:versionCode="1"
20    android:versionName="1.0" >
21
22    <uses-sdk
23        android:minSdkVersion="30"
23-->src\main\AndroidManifest.xml
24        android:targetSdkVersion="30" />
24-->src\main\AndroidManifest.xml
25
26    <uses-feature android:name="android.hardware.type.watch" />
26-->src\main\AndroidManifest.xml:23:5-64
26-->src\main\AndroidManifest.xml:23:19-61
27
28    <!-- For receiving heart rate data. -->
29    <uses-permission android:name="android.permission.BODY_SENSORS" />
29-->src\main\AndroidManifest.xml:26:5-71
29-->src\main\AndroidManifest.xml:26:22-68
30    <!-- Needed in order to re-register for data on device startup. -->
31    <uses-permission android:name="android.permission.RECEIVE_BOOT_COMPLETED" />
31-->src\main\AndroidManifest.xml:28:5-81
31-->src\main\AndroidManifest.xml:28:22-78
32
33    <!--
34         When an app targets Android 11 (API level 30) or higher and queries for information about
35         the other apps that are installed on a device, the system filters this information by
36         default. Adding the query field allows Health Services to recognize the app.
37         See https://developer.android.com/training/package-visibility.
38    -->
39    <queries>
39-->src\main\AndroidManifest.xml:35:5-37:15
40        <package android:name="com.google.android.wearable.healthservices" />
40-->src\main\AndroidManifest.xml:36:9-78
40-->src\main\AndroidManifest.xml:36:18-75
41    </queries>
42
43    <uses-permission android:name="android.permission.WAKE_LOCK" />
43-->[androidx.work:work-runtime:2.6.0] AndroidManifest.xml:25:5-68
43-->[androidx.work:work-runtime:2.6.0] AndroidManifest.xml:25:22-65
44    <uses-permission android:name="android.permission.ACCESS_NETWORK_STATE" />
44-->[androidx.work:work-runtime:2.6.0] AndroidManifest.xml:26:5-79
44-->[androidx.work:work-runtime:2.6.0] AndroidManifest.xml:26:22-76
45    <uses-permission android:name="android.permission.FOREGROUND_SERVICE" />
45-->[androidx.work:work-runtime:2.6.0] AndroidManifest.xml:28:5-77
45-->[androidx.work:work-runtime:2.6.0] AndroidManifest.xml:28:22-74
46
47    <application
47-->src\main\AndroidManifest.xml:39:5-98:19
48        android:name="com.example.passivedata.MainApplication"
48-->src\main\AndroidManifest.xml:40:9-63
49        android:allowBackup="true"
49-->src\main\AndroidManifest.xml:41:9-35
50        android:appComponentFactory="androidx.core.app.CoreComponentFactory"
50-->[androidx.core:core:1.6.0] AndroidManifest.xml:24:18-86
51        android:debuggable="true"
52        android:extractNativeLibs="false"
53        android:icon="@mipmap/ic_launcher"
53-->src\main\AndroidManifest.xml:42:9-43
54        android:label="@string/app_name"
54-->src\main\AndroidManifest.xml:43:9-41
55        android:roundIcon="@mipmap/ic_launcher_round"
55-->src\main\AndroidManifest.xml:44:9-54
56        android:supportsRtl="true"
56-->src\main\AndroidManifest.xml:45:9-35
57        android:testOnly="true"
58        android:theme="@style/AppTheme" >
58-->src\main\AndroidManifest.xml:46:9-40
59        <uses-library
59-->src\main\AndroidManifest.xml:47:9-49:39
60            android:name="com.google.android.wearable"
60-->src\main\AndroidManifest.xml:48:13-55
61            android:required="true" />
61-->src\main\AndroidManifest.xml:49:13-36
62
63        <meta-data
63-->src\main\AndroidManifest.xml:51:9-53:36
64            android:name="com.google.android.wearable.standalone"
64-->src\main\AndroidManifest.xml:52:13-66
65            android:value="true" />
65-->src\main\AndroidManifest.xml:53:13-33
66
67        <activity
67-->src\main\AndroidManifest.xml:55:9-63:20
68            android:name="com.example.passivedata.MainActivity"
68-->src\main\AndroidManifest.xml:56:13-64
69            android:exported="true"
69-->src\main\AndroidManifest.xml:57:13-36
70            android:label="@string/app_name" >
70-->src\main\AndroidManifest.xml:58:13-45
71            <intent-filter>
71-->src\main\AndroidManifest.xml:59:13-62:29
72                <action android:name="android.intent.action.MAIN" />
72-->src\main\AndroidManifest.xml:60:17-69
72-->src\main\AndroidManifest.xml:60:25-66
73
74                <category android:name="android.intent.category.LAUNCHER" />
74-->src\main\AndroidManifest.xml:61:17-77
74-->src\main\AndroidManifest.xml:61:27-74
75            </intent-filter>
76        </activity>
77
78        <!-- Receiver that gets notified of new data in the background. -->
79        <receiver
79-->src\main\AndroidManifest.xml:66:9-73:20
80            android:name="com.example.passivedata.PassiveDataReceiver"
80-->src\main\AndroidManifest.xml:67:13-71
81            android:exported="true" >
81-->src\main\AndroidManifest.xml:68:13-36
82            <intent-filter>
82-->src\main\AndroidManifest.xml:70:13-72:29
83                <action android:name="hs.passivemonitoring.DATA" />
83-->src\main\AndroidManifest.xml:71:15-66
83-->src\main\AndroidManifest.xml:71:23-63
84            </intent-filter>
85        </receiver>
86
87        <!-- Receiver that re-registers for background data after a device restart. -->
88        <receiver
88-->src\main\AndroidManifest.xml:76:9-82:20
89            android:name="com.example.passivedata.StartupReceiver"
89-->src\main\AndroidManifest.xml:77:13-44
90            android:exported="true" >
90-->src\main\AndroidManifest.xml:78:13-36
91            <intent-filter>
91-->src\main\AndroidManifest.xml:79:13-81:29
92                <action android:name="android.intent.action.BOOT_COMPLETED" />
92-->src\main\AndroidManifest.xml:80:17-79
92-->src\main\AndroidManifest.xml:80:25-76
93            </intent-filter>
94        </receiver>
95
96        <!--
97             Our application implements Configuration.Provider, so we don't need this to initialize
98             WorkManager.
99        -->
100        <provider
101            android:name="androidx.startup.InitializationProvider"
101-->src\main\AndroidManifest.xml:88:13-67
102            android:authorities="com.example.passivedata.androidx-startup"
102-->src\main\AndroidManifest.xml:89:13-68
103            android:exported="false" >
103-->src\main\AndroidManifest.xml:90:13-37
104        </provider>
105
106        <service
106-->[androidx.work:work-runtime:2.6.0] AndroidManifest.xml:41:9-46:35
107            android:name="androidx.work.impl.background.systemalarm.SystemAlarmService"
107-->[androidx.work:work-runtime:2.6.0] AndroidManifest.xml:42:13-88
108            android:directBootAware="false"
108-->[androidx.work:work-runtime:2.6.0] AndroidManifest.xml:43:13-44
109            android:enabled="@bool/enable_system_alarm_service_default"
109-->[androidx.work:work-runtime:2.6.0] AndroidManifest.xml:44:13-72
110            android:exported="false" />
110-->[androidx.work:work-runtime:2.6.0] AndroidManifest.xml:45:13-37
111        <service
111-->[androidx.work:work-runtime:2.6.0] AndroidManifest.xml:47:9-53:35
112            android:name="androidx.work.impl.background.systemjob.SystemJobService"
112-->[androidx.work:work-runtime:2.6.0] AndroidManifest.xml:48:13-84
113            android:directBootAware="false"
113-->[androidx.work:work-runtime:2.6.0] AndroidManifest.xml:49:13-44
114            android:enabled="@bool/enable_system_job_service_default"
114-->[androidx.work:work-runtime:2.6.0] AndroidManifest.xml:50:13-70
115            android:exported="true"
115-->[androidx.work:work-runtime:2.6.0] AndroidManifest.xml:51:13-36
116            android:permission="android.permission.BIND_JOB_SERVICE" />
116-->[androidx.work:work-runtime:2.6.0] AndroidManifest.xml:52:13-69
117        <service
117-->[androidx.work:work-runtime:2.6.0] AndroidManifest.xml:54:9-59:35
118            android:name="androidx.work.impl.foreground.SystemForegroundService"
118-->[androidx.work:work-runtime:2.6.0] AndroidManifest.xml:55:13-81
119            android:directBootAware="false"
119-->[androidx.work:work-runtime:2.6.0] AndroidManifest.xml:56:13-44
120            android:enabled="@bool/enable_system_foreground_service_default"
120-->[androidx.work:work-runtime:2.6.0] AndroidManifest.xml:57:13-77
121            android:exported="false" />
121-->[androidx.work:work-runtime:2.6.0] AndroidManifest.xml:58:13-37
122
123        <receiver
123-->[androidx.work:work-runtime:2.6.0] AndroidManifest.xml:61:9-66:35
124            android:name="androidx.work.impl.utils.ForceStopRunnable$BroadcastReceiver"
124-->[androidx.work:work-runtime:2.6.0] AndroidManifest.xml:62:13-88
125            android:directBootAware="false"
125-->[androidx.work:work-runtime:2.6.0] AndroidManifest.xml:63:13-44
126            android:enabled="true"
126-->[androidx.work:work-runtime:2.6.0] AndroidManifest.xml:64:13-35
127            android:exported="false" />
127-->[androidx.work:work-runtime:2.6.0] AndroidManifest.xml:65:13-37
128        <receiver
128-->[androidx.work:work-runtime:2.6.0] AndroidManifest.xml:67:9-77:20
129            android:name="androidx.work.impl.background.systemalarm.ConstraintProxy$BatteryChargingProxy"
129-->[androidx.work:work-runtime:2.6.0] AndroidManifest.xml:68:13-106
130            android:directBootAware="false"
130-->[androidx.work:work-runtime:2.6.0] AndroidManifest.xml:69:13-44
131            android:enabled="false"
131-->[androidx.work:work-runtime:2.6.0] AndroidManifest.xml:70:13-36
132            android:exported="false" >
132-->[androidx.work:work-runtime:2.6.0] AndroidManifest.xml:71:13-37
133            <intent-filter>
133-->[androidx.work:work-runtime:2.6.0] AndroidManifest.xml:73:13-76:29
134                <action android:name="android.intent.action.ACTION_POWER_CONNECTED" />
134-->[androidx.work:work-runtime:2.6.0] AndroidManifest.xml:74:17-87
134-->[androidx.work:work-runtime:2.6.0] AndroidManifest.xml:74:25-84
135                <action android:name="android.intent.action.ACTION_POWER_DISCONNECTED" />
135-->[androidx.work:work-runtime:2.6.0] AndroidManifest.xml:75:17-90
135-->[androidx.work:work-runtime:2.6.0] AndroidManifest.xml:75:25-87
136            </intent-filter>
137        </receiver>
138        <receiver
138-->[androidx.work:work-runtime:2.6.0] AndroidManifest.xml:78:9-88:20
139            android:name="androidx.work.impl.background.systemalarm.ConstraintProxy$BatteryNotLowProxy"
139-->[androidx.work:work-runtime:2.6.0] AndroidManifest.xml:79:13-104
140            android:directBootAware="false"
140-->[androidx.work:work-runtime:2.6.0] AndroidManifest.xml:80:13-44
141            android:enabled="false"
141-->[androidx.work:work-runtime:2.6.0] AndroidManifest.xml:81:13-36
142            android:exported="false" >
142-->[androidx.work:work-runtime:2.6.0] AndroidManifest.xml:82:13-37
143            <intent-filter>
143-->[androidx.work:work-runtime:2.6.0] AndroidManifest.xml:84:13-87:29
144                <action android:name="android.intent.action.BATTERY_OKAY" />
144-->[androidx.work:work-runtime:2.6.0] AndroidManifest.xml:85:17-77
144-->[androidx.work:work-runtime:2.6.0] AndroidManifest.xml:85:25-74
145                <action android:name="android.intent.action.BATTERY_LOW" />
145-->[androidx.work:work-runtime:2.6.0] AndroidManifest.xml:86:17-76
145-->[androidx.work:work-runtime:2.6.0] AndroidManifest.xml:86:25-73
146            </intent-filter>
147        </receiver>
148        <receiver
148-->[androidx.work:work-runtime:2.6.0] AndroidManifest.xml:89:9-99:20
149            android:name="androidx.work.impl.background.systemalarm.ConstraintProxy$StorageNotLowProxy"
149-->[androidx.work:work-runtime:2.6.0] AndroidManifest.xml:90:13-104
150            android:directBootAware="false"
150-->[androidx.work:work-runtime:2.6.0] AndroidManifest.xml:91:13-44
151            android:enabled="false"
151-->[androidx.work:work-runtime:2.6.0] AndroidManifest.xml:92:13-36
152            android:exported="false" >
152-->[androidx.work:work-runtime:2.6.0] AndroidManifest.xml:93:13-37
153            <intent-filter>
153-->[androidx.work:work-runtime:2.6.0] AndroidManifest.xml:95:13-98:29
154                <action android:name="android.intent.action.DEVICE_STORAGE_LOW" />
154-->[androidx.work:work-runtime:2.6.0] AndroidManifest.xml:96:17-83
154-->[androidx.work:work-runtime:2.6.0] AndroidManifest.xml:96:25-80
155                <action android:name="android.intent.action.DEVICE_STORAGE_OK" />
155-->[androidx.work:work-runtime:2.6.0] AndroidManifest.xml:97:17-82
155-->[androidx.work:work-runtime:2.6.0] AndroidManifest.xml:97:25-79
156            </intent-filter>
157        </receiver>
158        <receiver
158-->[androidx.work:work-runtime:2.6.0] AndroidManifest.xml:100:9-109:20
159            android:name="androidx.work.impl.background.systemalarm.ConstraintProxy$NetworkStateProxy"
159-->[androidx.work:work-runtime:2.6.0] AndroidManifest.xml:101:13-103
160            android:directBootAware="false"
160-->[androidx.work:work-runtime:2.6.0] AndroidManifest.xml:102:13-44
161            android:enabled="false"
161-->[androidx.work:work-runtime:2.6.0] AndroidManifest.xml:103:13-36
162            android:exported="false" >
162-->[androidx.work:work-runtime:2.6.0] AndroidManifest.xml:104:13-37
163            <intent-filter>
163-->[androidx.work:work-runtime:2.6.0] AndroidManifest.xml:106:13-108:29
164                <action android:name="android.net.conn.CONNECTIVITY_CHANGE" />
164-->[androidx.work:work-runtime:2.6.0] AndroidManifest.xml:107:17-79
164-->[androidx.work:work-runtime:2.6.0] AndroidManifest.xml:107:25-76
165            </intent-filter>
166        </receiver>
167        <receiver
167-->[androidx.work:work-runtime:2.6.0] AndroidManifest.xml:110:9-121:20
168            android:name="androidx.work.impl.background.systemalarm.RescheduleReceiver"
168-->[androidx.work:work-runtime:2.6.0] AndroidManifest.xml:111:13-88
169            android:directBootAware="false"
169-->[androidx.work:work-runtime:2.6.0] AndroidManifest.xml:112:13-44
170            android:enabled="false"
170-->[androidx.work:work-runtime:2.6.0] AndroidManifest.xml:113:13-36
171            android:exported="false" >
171-->[androidx.work:work-runtime:2.6.0] AndroidManifest.xml:114:13-37
172            <intent-filter>
172-->[androidx.work:work-runtime:2.6.0] AndroidManifest.xml:116:13-120:29
173                <action android:name="android.intent.action.BOOT_COMPLETED" />
173-->src\main\AndroidManifest.xml:80:17-79
173-->src\main\AndroidManifest.xml:80:25-76
174                <action android:name="android.intent.action.TIME_SET" />
174-->[androidx.work:work-runtime:2.6.0] AndroidManifest.xml:118:17-73
174-->[androidx.work:work-runtime:2.6.0] AndroidManifest.xml:118:25-70
175                <action android:name="android.intent.action.TIMEZONE_CHANGED" />
175-->[androidx.work:work-runtime:2.6.0] AndroidManifest.xml:119:17-81
175-->[androidx.work:work-runtime:2.6.0] AndroidManifest.xml:119:25-78
176            </intent-filter>
177        </receiver>
178        <receiver
178-->[androidx.work:work-runtime:2.6.0] AndroidManifest.xml:122:9-131:20
179            android:name="androidx.work.impl.background.systemalarm.ConstraintProxyUpdateReceiver"
179-->[androidx.work:work-runtime:2.6.0] AndroidManifest.xml:123:13-99
180            android:directBootAware="false"
180-->[androidx.work:work-runtime:2.6.0] AndroidManifest.xml:124:13-44
181            android:enabled="@bool/enable_system_alarm_service_default"
181-->[androidx.work:work-runtime:2.6.0] AndroidManifest.xml:125:13-72
182            android:exported="false" >
182-->[androidx.work:work-runtime:2.6.0] AndroidManifest.xml:126:13-37
183            <intent-filter>
183-->[androidx.work:work-runtime:2.6.0] AndroidManifest.xml:128:13-130:29
184                <action android:name="androidx.work.impl.background.systemalarm.UpdateProxies" />
184-->[androidx.work:work-runtime:2.6.0] AndroidManifest.xml:129:17-98
184-->[androidx.work:work-runtime:2.6.0] AndroidManifest.xml:129:25-95
185            </intent-filter>
186        </receiver>
187        <receiver
187-->[androidx.work:work-runtime:2.6.0] AndroidManifest.xml:132:9-142:20
188            android:name="androidx.work.impl.diagnostics.DiagnosticsReceiver"
188-->[androidx.work:work-runtime:2.6.0] AndroidManifest.xml:133:13-78
189            android:directBootAware="false"
189-->[androidx.work:work-runtime:2.6.0] AndroidManifest.xml:134:13-44
190            android:enabled="true"
190-->[androidx.work:work-runtime:2.6.0] AndroidManifest.xml:135:13-35
191            android:exported="true"
191-->[androidx.work:work-runtime:2.6.0] AndroidManifest.xml:136:13-36
192            android:permission="android.permission.DUMP" >
192-->[androidx.work:work-runtime:2.6.0] AndroidManifest.xml:137:13-57
193            <intent-filter>
193-->[androidx.work:work-runtime:2.6.0] AndroidManifest.xml:139:13-141:29
194                <action android:name="androidx.work.diagnostics.REQUEST_DIAGNOSTICS" />
194-->[androidx.work:work-runtime:2.6.0] AndroidManifest.xml:140:17-88
194-->[androidx.work:work-runtime:2.6.0] AndroidManifest.xml:140:25-85
195            </intent-filter>
196        </receiver>
197
198        <service
198-->[androidx.room:room-runtime:2.2.5] AndroidManifest.xml:25:9-28:40
199            android:name="androidx.room.MultiInstanceInvalidationService"
199-->[androidx.room:room-runtime:2.2.5] AndroidManifest.xml:26:13-74
200            android:directBootAware="true"
200-->[androidx.room:room-runtime:2.2.5] AndroidManifest.xml:27:13-43
201            android:exported="false" />
201-->[androidx.room:room-runtime:2.2.5] AndroidManifest.xml:28:13-37
202    </application>
203
204</manifest>